<?xml version="1.0" encoding="UTF-8"?>
<testsuite name="dev.zerosum.spike.sp3.Sp3FlowIT" tests="1" skipped="0" failures="0" errors="0" timestamp="2026-09-15T21:38:24.645Z" hostname="Yakshs-MacBook-Air.local" time="9.412">
  <properties/>
  <testcase name="httpToKafkaToDatabaseFlowWorks()" classname="dev.zerosum.spike.sp3.Sp3FlowIT" time="5.256"/>
  <system-out><![CDATA[14:38:24.668 [Test worker] INFO org.testcontainers.images.PullPolicy -- Image pull policy will be performed by: DefaultPullPolicy()
14:38:24.670 [Test worker] INFO org.testcontainers.utility.ImageNameSubstitutor -- Image name substitution will be performed by: DefaultImageNameSubstitutor (composite of 'ConfigurationFileImageNameSubstitutor' and 'PrefixingImageNameSubstitutor')
14:38:24.675 [Test worker] INFO org.testcontainers.DockerClientFactory -- Testcontainers version: 2.0.5
14:38:24.887 [Test worker] INFO org.testcontainers.dockerclient.DockerClientProviderStrategy -- Found Docker environment with Docker accessed via Unix socket (/Users/yakshgandhi/.docker/run/docker.sock)
14:38:24.888 [Test worker] INFO org.testcontainers.DockerClientFactory -- Docker host IP address is localhost
14:38:24.900 [Test worker] INFO org.testcontainers.DockerClientFactory -- Connected to docker: 
  Server Version: 29.8.0
  API Version: 1.56
  Operating System: Docker Desktop
  Total Memory: 7934 MB
  Labels: 
    com.docker.desktop.address=unix:///Users/yakshgandhi/Library/Containers/com.docker.docker/Data/docker-cli.sock
14:38:24.939 [Test worker] INFO tc.testcontainers/ryuk:0.14.0 -- Creating container for image: testcontainers/ryuk:0.14.0
14:38:25.026 [Test worker] INFO tc.testcontainers/ryuk:0.14.0 -- Container testcontainers/ryuk:0.14.0 is starting: e9e9d2bb191818c3c8d21932e55e43255fc2f1f5dcc0582d831c5efbafa7fba0
14:38:25.170 [Test worker] INFO tc.testcontainers/ryuk:0.14.0 -- Container testcontainers/ryuk:0.14.0 started in PT0.230523S
14:38:25.172 [Test worker] INFO org.testcontainers.utility.RyukResourceReaper -- Ryuk started - will monitor and terminate Testcontainers containers on JVM exit
14:38:25.172 [Test worker] INFO org.testcontainers.DockerClientFactory -- Checking the system...
14:38:25.172 [Test worker] INFO org.testcontainers.DockerClientFactory -- ✔︎ Docker server version should be at least 1.6.0
14:38:25.185 [Test worker] INFO tc.apache/kafka:4.3.1@sha256:77e3df... -- Creating container for image: apache/kafka:4.3.1@sha256:77e3df9054047a88b520d0cc46e16696d3b22022e1d580aeccd2632df6532837
14:38:25.225 [Test worker] INFO tc.apache/kafka:4.3.1@sha256:77e3df... -- Container apache/kafka:4.3.1@sha256:77e3df9054047a88b520d0cc46e16696d3b22022e1d580aeccd2632df6532837 is starting: 9ced0cfd64661d138e7655dceab76f065ac8d6e97b814b93cc8de52753a18786
14:38:26.666 [Test worker] INFO tc.apache/kafka:4.3.1@sha256:77e3df... -- Container apache/kafka:4.3.1@sha256:77e3df9054047a88b520d0cc46e16696d3b22022e1d580aeccd2632df6532837 started in PT1.480806S
14:38:26.684 [Test worker] INFO tc.postgres:18.6@sha256:4ef4db... -- Creating container for image: postgres:18.6@sha256:4ef4dbc939d61acea57712655ddb4b4ab27419c913f94cca0cd57cb3ea3c2280
14:38:26.705 [Test worker] INFO tc.postgres:18.6@sha256:4ef4db... -- Container postgres:18.6@sha256:4ef4dbc939d61acea57712655ddb4b4ab27419c913f94cca0cd57cb3ea3c2280 is starting: 39a0fc35ec987f72fb3210b337233074386f937b9ad098bc928484d6e2bb4909
14:38:27.342 [Test worker] INFO tc.postgres:18.6@sha256:4ef4db... -- Container postgres:18.6@sha256:4ef4dbc939d61acea57712655ddb4b4ab27419c913f94cca0cd57cb3ea3c2280 started in PT0.658588S
14:38:27.343 [Test worker] INFO tc.postgres:18.6@sha256:4ef4db... -- Container is started (JDBC URL: jdbc:postgresql://localhost:63715/test?loggerLevel=OFF)
14:38:27.399 [Test worker] INFO org.springframework.test.context.support.AnnotationConfigContextLoaderUtils -- Could not detect default configuration classes for test class [dev.zerosum.spike.sp3.Sp3FlowIT]: Sp3FlowIT does not declare any static, non-private, non-final, nested classes annotated with @Configuration.
14:38:27.440 [Test worker] INFO org.springframework.boot.test.context.SpringBootTestContextBootstrapper -- Found @SpringBootConfiguration dev.zerosum.spike.sp3.Sp3Application for test class dev.zerosum.spike.sp3.Sp3FlowIT
14:38:27.461 [Test worker] INFO org.springframework.test.context.support.AnnotationConfigContextLoaderUtils -- Could not detect default configuration classes for test class [dev.zerosum.spike.sp3.Sp3FlowIT]: Sp3FlowIT does not declare any static, non-private, non-final, nested classes annotated with @Configuration.
14:38:27.463 [Test worker] INFO org.springframework.boot.test.context.SpringBootTestContextBootstrapper -- Found @SpringBootConfiguration dev.zerosum.spike.sp3.Sp3Application for test class dev.zerosum.spike.sp3.Sp3FlowIT

  .   ____          _            __ _ _
 /\\ / ___'_ __ _ _(_)_ __  __ _ \ \ \ \
( ( )\___ | '_ | '_| | '_ \/ _` | \ \ \ \
 \\/  ___)| |_)| | | | | || (_| |  ) ) ) )
  '  |____| .__|_| |_|_| |_\__, | / / / /
 =========|_|==============|___/=/_/_/_/

 :: Spring Boot ::                (v4.1.1)

2026-09-15T14:38:27.565-07:00  INFO 79894 --- [sp3-stack] [    Test worker] dev.zerosum.spike.sp3.Sp3FlowIT          : Starting Sp3FlowIT using Java 25.0.4.1 with PID 79894 (started by yakshgandhi in /Users/yakshgandhi/Documents/Development/fintech-blogs/zerosum-ledger/spikes/sp3-stack)
2026-09-15T14:38:27.566-07:00  INFO 79894 --- [sp3-stack] [    Test worker] dev.zerosum.spike.sp3.Sp3FlowIT          : No active profile set, falling back to 1 default profile: "default"
2026-09-15T14:38:27.967-07:00  INFO 79894 --- [sp3-stack] [    Test worker] o.s.boot.tomcat.TomcatWebServer          : Tomcat initialized with port 0 (http)
2026-09-15T14:38:27.972-07:00  INFO 79894 --- [sp3-stack] [    Test worker] o.apache.catalina.core.StandardService   : Starting service [Tomcat]
2026-09-15T14:38:27.972-07:00  INFO 79894 --- [sp3-stack] [    Test worker] o.apache.catalina.core.StandardEngine    : Starting Servlet engine: [Apache Tomcat/11.0.24]
2026-09-15T14:38:27.989-07:00  INFO 79894 --- [sp3-stack] [    Test worker] b.w.c.s.WebApplicationContextInitializer : Root WebApplicationContext: initialization completed in 417 ms
2026-09-15T14:38:28.198-07:00  INFO 79894 --- [sp3-stack] [    Test worker] org.flywaydb.core.FlywayExecutor         : Database: jdbc:postgresql://localhost:63715/test?loggerLevel=OFF (PostgreSQL 18.6)
2026-09-15T14:38:28.218-07:00  INFO 79894 --- [sp3-stack] [    Test worker] o.f.core.internal.database.base.Schema   : Creating schema "sp3_spike" ...
2026-09-15T14:38:28.222-07:00  INFO 79894 --- [sp3-stack] [    Test worker] o.f.c.i.s.JdbcTableSchemaHistory         : Creating Schema History table "sp3_spike"."flyway_schema_history" ...
2026-09-15T14:38:28.255-07:00  INFO 79894 --- [sp3-stack] [    Test worker] o.f.core.internal.command.DbMigrate      : Current version of schema "sp3_spike": null
2026-09-15T14:38:28.258-07:00  INFO 79894 --- [sp3-stack] [    Test worker] o.f.core.internal.command.DbMigrate      : Migrating schema "sp3_spike" to version "1 - spike tables"
2026-09-15T14:38:28.268-07:00  INFO 79894 --- [sp3-stack] [    Test worker] o.f.core.internal.command.DbMigrate      : Successfully applied 1 migration to schema "sp3_spike", now at version v1 (execution time 00:00.005s)
2026-09-15T14:38:28.458-07:00  INFO 79894 --- [sp3-stack] [    Test worker] o.s.b.a.e.web.EndpointLinksResolver      : Exposing 1 endpoint beneath base path '/actuator'
2026-09-15T14:38:28.494-07:00  INFO 79894 --- [sp3-stack] [    Test worker] o.a.kafka.common.config.AbstractConfig   : AdminClientConfig values: 
	bootstrap.controllers = []
	bootstrap.servers = [localhost:63714]
	client.dns.lookup = use_all_dns_ips
	client.id = sp3-stack-admin-0
	config.providers = []
	connections.max.idle.ms = 300000
	default.api.timeout.ms = 60000
	enable.metrics.push = false
	metadata.max.age.ms = 300000
	metadata.recovery.rebootstrap.trigger.ms = 300000
	metadata.recovery.strategy = rebootstrap
	metric.reporters = [org.apache.kafka.common.metrics.JmxReporter]
	metrics.num.samples = 2
	metrics.recording.level = INFO
	metrics.sample.window.ms = 30000
	receive.buffer.bytes = 65536
	reconnect.backoff.max.ms = 1000
	reconnect.backoff.ms = 50
	request.timeout.ms = 30000
	retries = 2147483647
	retry.backoff.max.ms = 1000
	retry.backoff.ms = 100
	sasl.client.callback.handler.class = null
	sasl.jaas.config = null
	sasl.kerberos.kinit.cmd = /usr/bin/kinit
	sasl.kerberos.min.time.before.relogin = 60000
	sasl.kerberos.service.name = null
	sasl.kerberos.ticket.renew.jitter = 0.05
	sasl.kerberos.ticket.renew.window.factor = 0.8
	sasl.login.callback.handler.class = null
	sasl.login.class = null
	sasl.login.connect.timeout.ms = null
	sasl.login.read.timeout.ms = null
	sasl.login.refresh.buffer.seconds = 300
	sasl.login.refresh.min.period.seconds = 60
	sasl.login.refresh.window.factor = 0.8
	sasl.login.refresh.window.jitter = 0.05
	sasl.login.retry.backoff.max.ms = 10000
	sasl.login.retry.backoff.ms = 100
	sasl.mechanism = GSSAPI
	sasl.oauthbearer.assertion.algorithm = RS256
	sasl.oauthbearer.assertion.claim.aud = null
	sasl.oauthbearer.assertion.claim.exp.seconds = 300
	sasl.oauthbearer.assertion.claim.iss = null
	sasl.oauthbearer.assertion.claim.jti.include = false
	sasl.oauthbearer.assertion.claim.nbf.seconds = 60
	sasl.oauthbearer.assertion.claim.sub = null
	sasl.oauthbearer.assertion.file = null
	sasl.oauthbearer.assertion.private.key.file = null
	sasl.oauthbearer.assertion.private.key.passphrase = null
	sasl.oauthbearer.assertion.template.file = null
	sasl.oauthbearer.client.credentials.client.id = null
	sasl.oauthbearer.client.credentials.client.secret = null
	sasl.oauthbearer.clock.skew.seconds = 30
	sasl.oauthbearer.expected.audience = []
	sasl.oauthbearer.expected.issuer = null
	sasl.oauthbearer.header.urlencode = false
	sasl.oauthbearer.jwks.endpoint.refresh.ms = 3600000
	sasl.oauthbearer.jwks.endpoint.retry.backoff.max.ms = 10000
	sasl.oauthbearer.jwks.endpoint.retry.backoff.ms = 100
	sasl.oauthbearer.jwks.endpoint.url = null
	sasl.oauthbearer.jwt.retriever.class = class org.apache.kafka.common.security.oauthbearer.DefaultJwtRetriever
	sasl.oauthbearer.jwt.validator.class = class org.apache.kafka.common.security.oauthbearer.DefaultJwtValidator
	sasl.oauthbearer.scope = null
	sasl.oauthbearer.scope.claim.name = scope
	sasl.oauthbearer.sub.claim.name = sub
	sasl.oauthbearer.token.endpoint.url = null
	security.protocol = PLAINTEXT
	security.providers = null
	send.buffer.bytes = 131072
	socket.connection.setup.timeout.max.ms = 30000
	socket.connection.setup.timeout.ms = 10000
	ssl.cipher.suites = []
	ssl.enabled.protocols = [TLSv1.2, TLSv1.3]
	ssl.endpoint.identification.algorithm = https
	ssl.engine.factory.class = null
	ssl.key.password = null
	ssl.keymanager.algorithm = SunX509
	ssl.keystore.certificate.chain = null
	ssl.keystore.key = null
	ssl.keystore.location = null
	ssl.keystore.password = null
	ssl.keystore.type = JKS
	ssl.protocol = TLSv1.3
	ssl.provider = null
	ssl.secure.random.implementation = null
	ssl.trustmanager.algorithm = PKIX
	ssl.truststore.certificates = null
	ssl.truststore.location = null
	ssl.truststore.password = null
	ssl.truststore.type = JKS

2026-09-15T14:38:28.542-07:00  INFO 79894 --- [sp3-stack] [    Test worker] o.a.kafka.common.utils.AppInfoParser     : Kafka version: 4.2.1
2026-09-15T14:38:28.542-07:00  INFO 79894 --- [sp3-stack] [    Test worker] o.a.kafka.common.utils.AppInfoParser     : Kafka commitId: 92f61c44867f39dc
2026-09-15T14:38:28.542-07:00  INFO 79894 --- [sp3-stack] [    Test worker] o.a.kafka.common.utils.AppInfoParser     : Kafka startTimeMs: 1789508308542
2026-09-15T14:38:28.710-07:00  INFO 79894 --- [sp3-stack] [    Test worker] o.apache.kafka.common.metrics.Metrics    : Metrics scheduler closed
2026-09-15T14:38:28.710-07:00  INFO 79894 --- [sp3-stack] [    Test worker] o.apache.kafka.common.metrics.Metrics    : Closing reporter org.apache.kafka.common.metrics.JmxReporter
2026-09-15T14:38:28.710-07:00  INFO 79894 --- [sp3-stack] [    Test worker] o.apache.kafka.common.metrics.Metrics    : Metrics reporters closed
2026-09-15T14:38:28.711-07:00  INFO 79894 --- [sp3-stack] [3-stack-admin-0] o.a.kafka.common.utils.AppInfoParser     : App info kafka.admin.client for sp3-stack-admin-0 unregistered
2026-09-15T14:38:28.712-07:00  INFO 79894 --- [sp3-stack] [3-stack-admin-0] o.apache.kafka.common.metrics.Metrics    : Metrics scheduler closed
2026-09-15T14:38:28.713-07:00  INFO 79894 --- [sp3-stack] [3-stack-admin-0] o.apache.kafka.common.metrics.Metrics    : Closing reporter org.apache.kafka.common.metrics.JmxReporter
2026-09-15T14:38:28.713-07:00  INFO 79894 --- [sp3-stack] [3-stack-admin-0] o.apache.kafka.common.metrics.Metrics    : Metrics reporters closed
2026-09-15T14:38:28.720-07:00  INFO 79894 --- [sp3-stack] [    Test worker] o.s.boot.tomcat.TomcatWebServer          : Tomcat started on port 63720 (http) with context path '/'
2026-09-15T14:38:28.731-07:00  INFO 79894 --- [sp3-stack] [    Test worker] o.a.kafka.common.config.AbstractConfig   : ConsumerConfig values: 
	allow.auto.create.topics = true
	auto.commit.interval.ms = 5000
	auto.offset.reset = earliest
	bootstrap.servers = [localhost:63714]
	check.crcs = true
	client.dns.lookup = use_all_dns_ips
	client.id = consumer-sp3-spike-1
	client.rack = 
	config.providers = []
	connections.max.idle.ms = 540000
	default.api.timeout.ms = 60000
	enable.auto.commit = false
	enable.metrics.push = true
	exclude.internal.topics = true
	fetch.max.bytes = 52428800
	fetch.max.wait.ms = 500
	fetch.min.bytes = 1
	group.id = sp3-spike
	group.instance.id = null
	group.protocol = consumer
	group.remote.assignor = null
	heartbeat.interval.ms = 3000
	interceptor.classes = []
	internal.throw.on.fetch.stable.offset.unsupported = false
	isolation.level = read_uncommitted
	key.deserializer = class org.apache.kafka.common.serialization.StringDeserializer
	max.partition.fetch.bytes = 1048576
	max.poll.interval.ms = 300000
	max.poll.records = 500
	metadata.max.age.ms = 300000
	metadata.recovery.rebootstrap.trigger.ms = 300000
	metadata.recovery.strategy = rebootstrap
	metric.reporters = [org.apache.kafka.common.metrics.JmxReporter]
	metrics.num.samples = 2
	metrics.recording.level = INFO
	metrics.sample.window.ms = 30000
	partition.assignment.strategy = [class org.apache.kafka.clients.consumer.RangeAssignor, class org.apache.kafka.clients.consumer.CooperativeStickyAssignor]
	receive.buffer.bytes = 65536
	reconnect.backoff.max.ms = 1000
	reconnect.backoff.ms = 50
	request.timeout.ms = 30000
	retry.backoff.max.ms = 1000
	retry.backoff.ms = 100
	sasl.client.callback.handler.class = null
	sasl.jaas.config = null
	sasl.kerberos.kinit.cmd = /usr/bin/kinit
	sasl.kerberos.min.time.before.relogin = 60000
	sasl.kerberos.service.name = null
	sasl.kerberos.ticket.renew.jitter = 0.05
	sasl.kerberos.ticket.renew.window.factor = 0.8
	sasl.login.callback.handler.class = null
	sasl.login.class = null
	sasl.login.connect.timeout.ms = null
	sasl.login.read.timeout.ms = null
	sasl.login.refresh.buffer.seconds = 300
	sasl.login.refresh.min.period.seconds = 60
	sasl.login.refresh.window.factor = 0.8
	sasl.login.refresh.window.jitter = 0.05
	sasl.login.retry.backoff.max.ms = 10000
	sasl.login.retry.backoff.ms = 100
	sasl.mechanism = GSSAPI
	sasl.oauthbearer.assertion.algorithm = RS256
	sasl.oauthbearer.assertion.claim.aud = null
	sasl.oauthbearer.assertion.claim.exp.seconds = 300
	sasl.oauthbearer.assertion.claim.iss = null
	sasl.oauthbearer.assertion.claim.jti.include = false
	sasl.oauthbearer.assertion.claim.nbf.seconds = 60
	sasl.oauthbearer.assertion.claim.sub = null
	sasl.oauthbearer.assertion.file = null
	sasl.oauthbearer.assertion.private.key.file = null
	sasl.oauthbearer.assertion.private.key.passphrase = null
	sasl.oauthbearer.assertion.template.file = null
	sasl.oauthbearer.client.credentials.client.id = null
	sasl.oauthbearer.client.credentials.client.secret = null
	sasl.oauthbearer.clock.skew.seconds = 30
	sasl.oauthbearer.expected.audience = []
	sasl.oauthbearer.expected.issuer = null
	sasl.oauthbearer.header.urlencode = false
	sasl.oauthbearer.jwks.endpoint.refresh.ms = 3600000
	sasl.oauthbearer.jwks.endpoint.retry.backoff.max.ms = 10000
	sasl.oauthbearer.jwks.endpoint.retry.backoff.ms = 100
	sasl.oauthbearer.jwks.endpoint.url = null
	sasl.oauthbearer.jwt.retriever.class = class org.apache.kafka.common.security.oauthbearer.DefaultJwtRetriever
	sasl.oauthbearer.jwt.validator.class = class org.apache.kafka.common.security.oauthbearer.DefaultJwtValidator
	sasl.oauthbearer.scope = null
	sasl.oauthbearer.scope.claim.name = scope
	sasl.oauthbearer.sub.claim.name = sub
	sasl.oauthbearer.token.endpoint.url = null
	security.protocol = PLAINTEXT
	security.providers = null
	send.buffer.bytes = 131072
	session.timeout.ms = 45000
	share.acknowledgement.mode = implicit
	share.acquire.mode = BATCH_OPTIMIZED
	socket.connection.setup.timeout.max.ms = 30000
	socket.connection.setup.timeout.ms = 10000
	ssl.cipher.suites = []
	ssl.enabled.protocols = [TLSv1.2, TLSv1.3]
	ssl.endpoint.identification.algorithm = https
	ssl.engine.factory.class = null
	ssl.key.password = null
	ssl.keymanager.algorithm = SunX509
	ssl.keystore.certificate.chain = null
	ssl.keystore.key = null
	ssl.keystore.location = null
	ssl.keystore.password = null
	ssl.keystore.type = JKS
	ssl.protocol = TLSv1.3
	ssl.provider = null
	ssl.secure.random.implementation = null
	ssl.trustmanager.algorithm = PKIX
	ssl.truststore.certificates = null
	ssl.truststore.location = null
	ssl.truststore.password = null
	ssl.truststore.type = JKS
	value.deserializer = class org.apache.kafka.common.serialization.StringDeserializer

2026-09-15T14:38:28.748-07:00  INFO 79894 --- [sp3-stack] [    Test worker] o.a.k.c.t.i.KafkaMetricsCollector        : initializing Kafka metrics collector
2026-09-15T14:38:28.773-07:00  INFO 79894 --- [sp3-stack] [    Test worker] o.a.kafka.common.utils.AppInfoParser     : Kafka version: 4.2.1
2026-09-15T14:38:28.773-07:00  INFO 79894 --- [sp3-stack] [    Test worker] o.a.kafka.common.utils.AppInfoParser     : Kafka commitId: 92f61c44867f39dc
2026-09-15T14:38:28.773-07:00  INFO 79894 --- [sp3-stack] [    Test worker] o.a.kafka.common.utils.AppInfoParser     : Kafka startTimeMs: 1789508308772
2026-09-15T14:38:28.782-07:00  INFO 79894 --- [sp3-stack] [ckground_thread] org.apache.kafka.clients.Metadata        : [Consumer clientId=consumer-sp3-spike-1, groupId=sp3-spike] Cluster ID: 4L6g3nShT-eMCtK--X86sw
2026-09-15T14:38:28.784-07:00  INFO 79894 --- [sp3-stack] [    Test worker] o.a.k.c.c.internals.AsyncKafkaConsumer   : [Consumer clientId=consumer-sp3-spike-1, groupId=sp3-spike] Subscribed to topic(s): sp3.spike
2026-09-15T14:38:28.791-07:00  INFO 79894 --- [sp3-stack] [ckground_thread] o.a.k.c.c.i.ConsumerMembershipManager    : [Consumer clientId=consumer-sp3-spike-1, groupId=sp3-spike] Member W1D5_l08QzuIJ1oSZTv1EQ with epoch 0 transitioned from UNSUBSCRIBED to JOINING.
2026-09-15T14:38:28.795-07:00  INFO 79894 --- [sp3-stack] [    Test worker] dev.zerosum.spike.sp3.Sp3FlowIT          : Started Sp3FlowIT in 1.317 seconds (process running for 4.41)
2026-09-15T14:38:28.901-07:00  INFO 79894 --- [sp3-stack] [ckground_thread] o.a.k.c.c.i.CoordinatorRequestManager    : [Consumer clientId=consumer-sp3-spike-1, groupId=sp3-spike] Discovered group coordinator Coordinator(key='sp3-spike', nodeId=1, host='localhost', port=63714, errorCode=0, errorMessage='')
2026-09-15T14:38:28.933-07:00  INFO 79894 --- [sp3-stack] [ckground_thread] o.a.k.c.c.i.ConsumerMembershipManager    : [Consumer clientId=consumer-sp3-spike-1, groupId=sp3-spike] Member W1D5_l08QzuIJ1oSZTv1EQ with epoch 2 transitioned from JOINING to RECONCILING.
2026-09-15T14:38:28.934-07:00  INFO 79894 --- [sp3-stack] [ckground_thread] o.a.k.c.c.i.ConsumerMembershipManager    : [Consumer clientId=consumer-sp3-spike-1, groupId=sp3-spike] Reconciling assignment with local epoch 0
	Member:                                    W1D5_l08QzuIJ1oSZTv1EQ
	Assigned partitions:                       [sp3.spike-0]
	Current owned partitions:                  []
	Added partitions (assigned - owned):       [sp3.spike-0]
	Revoked partitions (owned - assigned):     []

2026-09-15T14:38:28.943-07:00  INFO 79894 --- [sp3-stack] [ckground_thread] o.a.k.c.c.i.CommitRequestManager         : [Consumer clientId=consumer-sp3-spike-1, groupId=sp3-spike] Found no committed offset for partition sp3.spike-0
2026-09-15T14:38:28.953-07:00  INFO 79894 --- [sp3-stack] [ckground_thread] o.a.k.c.c.internals.SubscriptionState    : [Consumer clientId=consumer-sp3-spike-1, groupId=sp3-spike] Resetting offset for partition sp3.spike-0 to position FetchPosition{offset=0, offsetEpoch=Optional.empty, currentLeader=LeaderAndEpoch{leader=Optional[localhost:63714 (id: 1 rack: null isFenced: false)], epoch=0}}.
2026-09-15T14:38:28.954-07:00  INFO 79894 --- [sp3-stack] [ntainer#0-0-C-1] k.c.c.i.ConsumerRebalanceListenerInvoker : [Consumer clientId=consumer-sp3-spike-1, groupId=sp3-spike] Adding newly assigned partitions: [sp3.spike-0]
2026-09-15T14:38:28.954-07:00  INFO 79894 --- [sp3-stack] [ntainer#0-0-C-1] o.s.k.l.KafkaMessageListenerContainer    : sp3-spike: partitions assigned: [sp3.spike-0]
2026-09-15T14:38:28.955-07:00  INFO 79894 --- [sp3-stack] [ckground_thread] o.a.k.c.c.i.ConsumerMembershipManager    : [Consumer clientId=consumer-sp3-spike-1, groupId=sp3-spike] Member W1D5_l08QzuIJ1oSZTv1EQ with epoch 2 transitioned from RECONCILING to ACKNOWLEDGING.
2026-09-15T14:38:28.955-07:00  INFO 79894 --- [sp3-stack] [ckground_thread] o.a.k.c.c.i.ConsumerMembershipManager    : [Consumer clientId=consumer-sp3-spike-1, groupId=sp3-spike] Member W1D5_l08QzuIJ1oSZTv1EQ with epoch 2 transitioned from ACKNOWLEDGING to STABLE.
2026-09-15T14:38:29.123-07:00  INFO 79894 --- [sp3-stack] [o-auto-1-exec-1] o.a.c.c.C.[Tomcat].[localhost].[/]       : Initializing Spring DispatcherServlet 'dispatcherServlet'
2026-09-15T14:38:29.123-07:00  INFO 79894 --- [sp3-stack] [o-auto-1-exec-1] o.s.web.servlet.DispatcherServlet        : Initializing Servlet 'dispatcherServlet'
2026-09-15T14:38:29.124-07:00  INFO 79894 --- [sp3-stack] [o-auto-1-exec-1] o.s.web.servlet.DispatcherServlet        : Completed initialization in 1 ms
2026-09-15T14:38:29.140-07:00  INFO 79894 --- [sp3-stack] [o-auto-1-exec-1] com.zaxxer.hikari.HikariDataSource       : HikariPool-1 - Starting...
2026-09-15T14:38:29.149-07:00  INFO 79894 --- [sp3-stack] [o-auto-1-exec-1] com.zaxxer.hikari.pool.HikariPool        : HikariPool-1 - Added connection org.postgresql.jdbc.PgConnection@5c175d4a
2026-09-15T14:38:29.151-07:00  INFO 79894 --- [sp3-stack] [o-auto-1-exec-1] com.zaxxer.hikari.HikariDataSource       : HikariPool-1 - Start completed.
2026-09-15T14:38:29.161-07:00  INFO 79894 --- [sp3-stack] [o-auto-1-exec-1] o.a.kafka.common.config.AbstractConfig   : ProducerConfig values: 
	acks = -1
	batch.size = 16384
	bootstrap.servers = [localhost:63714]
	buffer.memory = 33554432
	client.dns.lookup = use_all_dns_ips
	client.id = sp3-stack-producer-1
	compression.gzip.level = -1
	compression.lz4.level = 9
	compression.type = none
	compression.zstd.level = 3
	config.providers = []
	connections.max.idle.ms = 540000
	delivery.timeout.ms = 120000
	enable.idempotence = true
	enable.metrics.push = true
	interceptor.classes = []
	key.serializer = class org.apache.kafka.common.serialization.StringSerializer
	linger.ms = 5
	max.block.ms = 60000
	max.in.flight.requests.per.connection = 5
	max.request.size = 1048576
	metadata.max.age.ms = 300000
	metadata.max.idle.ms = 300000
	metadata.recovery.rebootstrap.trigger.ms = 300000
	metadata.recovery.strategy = rebootstrap
	metric.reporters = [org.apache.kafka.common.metrics.JmxReporter]
	metrics.num.samples = 2
	metrics.recording.level = INFO
	metrics.sample.window.ms = 30000
	partitioner.adaptive.partitioning.enable = true
	partitioner.availability.timeout.ms = 0
	partitioner.class = null
	partitioner.ignore.keys = false
	receive.buffer.bytes = 32768
	reconnect.backoff.max.ms = 1000
	reconnect.backoff.ms = 50
	request.timeout.ms = 30000
	retries = 2147483647
	retry.backoff.max.ms = 1000
	retry.backoff.ms = 100
	sasl.client.callback.handler.class = null
	sasl.jaas.config = null
	sasl.kerberos.kinit.cmd = /usr/bin/kinit
	sasl.kerberos.min.time.before.relogin = 60000
	sasl.kerberos.service.name = null
	sasl.kerberos.ticket.renew.jitter = 0.05
	sasl.kerberos.ticket.renew.window.factor = 0.8
	sasl.login.callback.handler.class = null
	sasl.login.class = null
	sasl.login.connect.timeout.ms = null
	sasl.login.read.timeout.ms = null
	sasl.login.refresh.buffer.seconds = 300
	sasl.login.refresh.min.period.seconds = 60
	sasl.login.refresh.window.factor = 0.8
	sasl.login.refresh.window.jitter = 0.05
	sasl.login.retry.backoff.max.ms = 10000
	sasl.login.retry.backoff.ms = 100
	sasl.mechanism = GSSAPI
	sasl.oauthbearer.assertion.algorithm = RS256
	sasl.oauthbearer.assertion.claim.aud = null
	sasl.oauthbearer.assertion.claim.exp.seconds = 300
	sasl.oauthbearer.assertion.claim.iss = null
	sasl.oauthbearer.assertion.claim.jti.include = false
	sasl.oauthbearer.assertion.claim.nbf.seconds = 60
	sasl.oauthbearer.assertion.claim.sub = null
	sasl.oauthbearer.assertion.file = null
	sasl.oauthbearer.assertion.private.key.file = null
	sasl.oauthbearer.assertion.private.key.passphrase = null
	sasl.oauthbearer.assertion.template.file = null
	sasl.oauthbearer.client.credentials.client.id = null
	sasl.oauthbearer.client.credentials.client.secret = null
	sasl.oauthbearer.clock.skew.seconds = 30
	sasl.oauthbearer.expected.audience = []
	sasl.oauthbearer.expected.issuer = null
	sasl.oauthbearer.header.urlencode = false
	sasl.oauthbearer.jwks.endpoint.refresh.ms = 3600000
	sasl.oauthbearer.jwks.endpoint.retry.backoff.max.ms = 10000
	sasl.oauthbearer.jwks.endpoint.retry.backoff.ms = 100
	sasl.oauthbearer.jwks.endpoint.url = null
	sasl.oauthbearer.jwt.retriever.class = class org.apache.kafka.common.security.oauthbearer.DefaultJwtRetriever
	sasl.oauthbearer.jwt.validator.class = class org.apache.kafka.common.security.oauthbearer.DefaultJwtValidator
	sasl.oauthbearer.scope = null
	sasl.oauthbearer.scope.claim.name = scope
	sasl.oauthbearer.sub.claim.name = sub
	sasl.oauthbearer.token.endpoint.url = null
	security.protocol = PLAINTEXT
	security.providers = null
	send.buffer.bytes = 131072
	socket.connection.setup.timeout.max.ms = 30000
	socket.connection.setup.timeout.ms = 10000
	ssl.cipher.suites = []
	ssl.enabled.protocols = [TLSv1.2, TLSv1.3]
	ssl.endpoint.identification.algorithm = https
	ssl.engine.factory.class = null
	ssl.key.password = null
	ssl.keymanager.algorithm = SunX509
	ssl.keystore.certificate.chain = null
	ssl.keystore.key = null
	ssl.keystore.location = null
	ssl.keystore.password = null
	ssl.keystore.type = JKS
	ssl.protocol = TLSv1.3
	ssl.provider = null
	ssl.secure.random.implementation = null
	ssl.trustmanager.algorithm = PKIX
	ssl.truststore.certificates = null
	ssl.truststore.location = null
	ssl.truststore.password = null
	ssl.truststore.type = JKS
	transaction.timeout.ms = 60000
	transaction.two.phase.commit.enable = false
	transactional.id = null
	value.serializer = class org.apache.kafka.common.serialization.StringSerializer

2026-09-15T14:38:29.163-07:00  INFO 79894 --- [sp3-stack] [o-auto-1-exec-1] o.a.k.c.t.i.KafkaMetricsCollector        : initializing Kafka metrics collector
2026-09-15T14:38:29.167-07:00  INFO 79894 --- [sp3-stack] [o-auto-1-exec-1] o.a.k.clients.producer.KafkaProducer     : [Producer clientId=sp3-stack-producer-1] Instantiated an idempotent producer.
2026-09-15T14:38:29.177-07:00  INFO 79894 --- [sp3-stack] [o-auto-1-exec-1] o.a.kafka.common.utils.AppInfoParser     : Kafka version: 4.2.1
2026-09-15T14:38:29.177-07:00  INFO 79894 --- [sp3-stack] [o-auto-1-exec-1] o.a.kafka.common.utils.AppInfoParser     : Kafka commitId: 92f61c44867f39dc
2026-09-15T14:38:29.177-07:00  INFO 79894 --- [sp3-stack] [o-auto-1-exec-1] o.a.kafka.common.utils.AppInfoParser     : Kafka startTimeMs: 1789508309177
2026-09-15T14:38:29.183-07:00  INFO 79894 --- [sp3-stack] [tack-producer-1] org.apache.kafka.clients.Metadata        : [Producer clientId=sp3-stack-producer-1] Cluster ID: 4L6g3nShT-eMCtK--X86sw
2026-09-15T14:38:29.292-07:00  INFO 79894 --- [sp3-stack] [tack-producer-1] o.a.k.c.p.internals.TransactionManager   : [Producer clientId=sp3-stack-producer-1] ProducerId set to 0 with epoch 0
2026-09-15T14:38:34.242-07:00  INFO 79894 --- [sp3-stack] [ckground_thread] org.apache.kafka.clients.NetworkClient   : [Consumer clientId=consumer-sp3-spike-1, groupId=sp3-spike] Node 2147483646 disconnected.
2026-09-15T14:38:34.243-07:00  INFO 79894 --- [sp3-stack] [tack-producer-1] org.apache.kafka.clients.NetworkClient   : [Producer clientId=sp3-stack-producer-1] Node 1 disconnected.
2026-09-15T14:38:34.244-07:00  INFO 79894 --- [sp3-stack] [tack-producer-1] org.apache.kafka.clients.NetworkClient   : [Producer clientId=sp3-stack-producer-1] Node -1 disconnected.
2026-09-15T14:38:34.245-07:00  INFO 79894 --- [sp3-stack] [ckground_thread] org.apache.kafka.clients.NetworkClient   : [Consumer clientId=consumer-sp3-spike-1, groupId=sp3-spike] Node 1 disconnected.
2026-09-15T14:38:34.245-07:00  INFO 79894 --- [sp3-stack] [ckground_thread] org.apache.kafka.clients.NetworkClient   : [Consumer clientId=consumer-sp3-spike-1, groupId=sp3-spike] Cancelled in-flight FETCH request with correlation id 68 due to node 1 being disconnected (elapsed time since creation: 424ms, elapsed time since send: 424ms, throttle time: 0ms, request timeout: 30000ms)
2026-09-15T14:38:34.245-07:00  INFO 79894 --- [sp3-stack] [ckground_thread] org.apache.kafka.clients.NetworkClient   : [Consumer clientId=consumer-sp3-spike-1, groupId=sp3-spike] Cancelled in-flight METADATA request with correlation id 71 due to node 1 being disconnected (elapsed time since creation: 0ms, elapsed time since send: 0ms, throttle time: 0ms, request timeout: 30000ms)
2026-09-15T14:38:34.245-07:00  INFO 79894 --- [sp3-stack] [ckground_thread] org.apache.kafka.clients.NetworkClient   : [Consumer clientId=consumer-sp3-spike-1, groupId=sp3-spike] Node -1 disconnected.
2026-09-15T14:38:34.245-07:00  INFO 79894 --- [sp3-stack] [ckground_thread] o.a.kafka.clients.FetchSessionHandler    : [Consumer clientId=consumer-sp3-spike-1, groupId=sp3-spike] Error sending fetch request (sessionId=119184393, epoch=1) to node 1:

org.apache.kafka.common.errors.DisconnectException

2026-09-15T14:38:34.335-07:00  INFO 79894 --- [sp3-stack] [ckground_thread] org.apache.kafka.clients.NetworkClient   : [Consumer clientId=consumer-sp3-spike-1, groupId=sp3-spike] Node 1 disconnected.
2026-09-15T14:38:34.336-07:00  WARN 79894 --- [sp3-stack] [ckground_thread] org.apache.kafka.clients.NetworkClient   : [Consumer clientId=consumer-sp3-spike-1, groupId=sp3-spike] Connection to node 1 (localhost/127.0.0.1:63714) could not be established. Node may not be available.
]]></system-out>
  <system-err><![CDATA[Mockito is currently self-attaching to enable the inline-mock-maker. This will no longer work in future releases of the JDK. Please add Mockito as an agent to your build as described in Mockito's documentation: https://javadoc.io/doc/org.mockito/mockito-core/latest/org.mockito/org/mockito/Mockito.html#0.3
WARNING: A Java agent has been loaded dynamically (/Users/yakshgandhi/.gradle/caches/modules-2/files-2.1/net.bytebuddy/byte-buddy-agent/1.18.11/82212e5b3633e7a65fca8bec525762cfb6c9bae4/byte-buddy-agent-1.18.11.jar)
WARNING: If a serviceability tool is in use, please run with -XX:+EnableDynamicAgentLoading to hide this warning
WARNING: If a serviceability tool is not in use, please run with -Djdk.instrument.traceUsage for more information
WARNING: Dynamic loading of agents will be disallowed by default in a future release
]]></system-err>
</testsuite>
